<?xml version="1.0" encoding="UTF-8" ?>
<testsuite errors="0" failures="0" hostname="Menado.local" name="jetbrains.mps.testbench.junit.suites.AntModuleTestSuite" skipped="3" tests="3" time="0.221" timestamp="2019-01-17T05:52:11">
  <properties>
    <property name="java.vendor" value="Oracle Corporation" />
    <property name="import.com.mbeddr.platform.mps.build.vcs.number" value="6df085bcb114f81655e3d1e8494dc5375a50ef49" />
    <property name="sun.java.launcher" value="SUN_STANDARD" />
    <property name="sun.management.compiler" value="HotSpot 64-Bit Tiered Compilers" />
    <property name="import.com.mbeddr.platform.com.mbeddr.platform.minor.version" value="1" />
    <property name="os.name" value="Mac OS X" />
    <property name="build.tmp" value="/Users/diederikdulfer/MPSProjects/Demo/build/tmp/DemoWB" />
    <property name="sun.boot.class.path" value="/Library/Java/JavaVirtualMachines/jdk1.8.0_181.jdk/Contents/Home/jre/lib/resources.jar:/Library/Java/JavaVirtualMachines/jdk1.8.0_181.jdk/Contents/Home/jre/lib/rt.jar:/Library/Java/JavaVirtualMachines/jdk1.8.0_181.jdk/Contents/Home/jre/lib/sunrsasign.jar:/Library/Java/JavaVirtualMachines/jdk1.8.0_181.jdk/Contents/Home/jre/lib/jsse.jar:/Library/Java/JavaVirtualMachines/jdk1.8.0_181.jdk/Contents/Home/jre/lib/jce.jar:/Library/Java/JavaVirtualMachines/jdk1.8.0_181.jdk/Contents/Home/jre/lib/charsets.jar:/Library/Java/JavaVirtualMachines/jdk1.8.0_181.jdk/Contents/Home/jre/lib/jfr.jar:/Library/Java/JavaVirtualMachines/jdk1.8.0_181.jdk/Contents/Home/jre/classes" />
    <property name="project.home" value="/Users/diederikdulfer/MPSProjects/Demo" />
    <property name="imagespath" value="/Users/diederikdulfer/MPSProjects/Demo" />
    <property name="TODAY" value="January 17 2019" />
    <property name="build.number" value="DemoWB-182.SNAPSHOT" />
    <property name="java.vm.specification.vendor" value="Oracle Corporation" />
    <property name="ant.home" value="/usr/local/Cellar/ant/1.9.6/libexec" />
    <property name="import.com.mbeddr.platform.com.mbeddr.platform.mbeddr.version" value="1.1-1.1.21024.35ed891" />
    <property name="java.runtime.version" value="1.8.0_181-b13" />
    <property name="com.mbeddr.platform.mbeddr.version" value="1.1-1.1.21024.35ed891" />
    <property name="user.name" value="diederikdulfer" />
    <property name="mps.build.vcs.number" value="9f49f919abd49bff56faa0e5ddc813ed25c41e50" />
    <property name="mps.idea.platform.build.number" value="MPS-182.4505.22" />
    <property name="build.dir" value="/Users/diederikdulfer/MPSProjects/Demo/build" />
    <property name="date" value="20190114" />
    <property name="com.mbeddr.platform.build" value="1.1.21024.35ed891" />
    <property name="user.language" value="nl" />
    <property name="artifacts.mpsStandalone" value="/Applications/MPS 2018.2.app/Contents" />
    <property name="sun.boot.library.path" value="/Library/Java/JavaVirtualMachines/jdk1.8.0_181.jdk/Contents/Home/jre/lib" />
    <property name="ant.project.default-target" value="build" />
    <property name="ant.project.name" value="DemoWB" />
    <property name="DSTAMP" value="20190117" />
    <property name="ant.file.type.DemoWB" value="file" />
    <property name="java.version" value="1.8.0_181" />
    <property name="import.mps.mps.idea.platform.build.number" value="MPS-182.4505.22" />
    <property name="user.timezone" value="" />
    <property name="mps.teamcity.buildConfName" value="Binaries" />
    <property name="sun.arch.data.model" value="64" />
    <property name="mps.libraries.path.string" value="/Applications/MPS 2018.2.app/Contents/plugins/com.mbeddr.mpsutil.editor.querylist/languages/group.editor.querylist/com.mbeddr.mpsutil.editor.querylist.runtime.jar:/Applications/MPS 2018.2.app/Contents/plugins/de-itemis-mps-selection/languages/de.itemis.mps.selection/de.itemis.mps.selection.runtime.jar:/Applications/MPS 2018.2.app/Contents/plugins/de.itemis.mps.celllayout/languages/de.itemis.mps.celllayout/de.itemis.mps.editor.celllayout.runtime.jar:/Applications/MPS 2018.2.app/Contents/plugins/de.itemis.mps.celllayout/languages/de.itemis.mps.celllayout/de.itemis.mps.editor.celllayout.styles.jar:/Applications/MPS 2018.2.app/Contents/plugins/de.itemis.mps.editor.diagram/languages/de.itemis.mps.editor.diagram/de.itemis.mps.editor.diagram.devkit.jar:/Applications/MPS 2018.2.app/Contents/plugins/de.itemis.mps.editor.diagram/languages/de.itemis.mps.editor.diagram/de.itemis.mps.editor.diagram.layout.jar:/Applications/MPS 2018.2.app/Contents/plugins/de.itemis.mps.editor.diagram/languages/de.itemis.mps.editor.diagram/de.itemis.mps.editor.diagram.runtime.jar:/Applications/MPS 2018.2.app/Contents/plugins/de.itemis.mps.editor.diagram/languages/de.itemis.mps.editor.diagram/de.itemis.mps.editor.diagram.styles.jar:/Applications/MPS 2018.2.app/Contents/plugins/de.itemis.mps.editor.widgets/languages/de.itemis.mps.editor.widgets/de.itemis.mps.editor.collapsible.runtime.jar:/Applications/MPS 2018.2.app/Contents/plugins/de.itemis.mps.editor.widgets/languages/de.itemis.mps.editor.widgets/de.itemis.mps.mouselistener.runtime.jar:/Applications/MPS 2018.2.app/Contents/plugins/de.itemis.mps.tooltips/languages/de.itemis.mps.tooltips/de.itemis.mps.tooltips.runtime.jar:/Applications/MPS 2018.2.app/Contents/plugins/de.slisson.mps.conditionalEditor/languages/de.slisson.mps.conditionalEditor/de.slisson.mps.conditionalEditor.hints.jar:/Applications/MPS 2018.2.app/Contents/plugins/de.slisson.mps.conditionalEditor/languages/de.slisson.mps.conditionalEditor/de.slisson.mps.conditionalEditor.runtime.jar:/Applications/MPS 2018.2.app/Contents/plugins/de.slisson.mps.hacks/languages/de.slisson.mps.hacks/de.slisson.mps.hacks.editor.jar:/Applications/MPS 2018.2.app/Contents/plugins/de.slisson.mps.hacks/languages/de.slisson.mps.hacks/de.slisson.mps.reflection.runtime.jar:/Applications/MPS 2018.2.app/Contents/plugins/mps-apache-commons/languages/mps-apache-commons-math/org.apache.commons.jar:/Applications/MPS 2018.2.app/Contents/plugins/mps-tables/languages/mps-tables/de.slisson.mps.tables.jar:/Applications/MPS 2018.2.app/Contents/plugins/mps-tables/languages/mps-tables/de.slisson.mps.tables.runtime.jar:/Applications/MPS 2018.2.app/Contents/languages/baseLanguage/jetbrains.mps.baseLanguage.blTypes.jar:/Applications/MPS 2018.2.app/Contents/languages/baseLanguage/jetbrains.mps.baseLanguage.classifiers.jar:/Applications/MPS 2018.2.app/Contents/languages/baseLanguage/jetbrains.mps.baseLanguage.closures.jar:/Applications/MPS 2018.2.app/Contents/languages/baseLanguage/jetbrains.mps.baseLanguage.collections.jar:/Applications/MPS 2018.2.app/Contents/languages/baseLanguage/jetbrains.mps.baseLanguage.jar:/Applications/MPS 2018.2.app/Contents/languages/baseLanguage/jetbrains.mps.baseLanguage.javadoc.jar:/Applications/MPS 2018.2.app/Contents/languages/baseLanguage/jetbrains.mps.baseLanguage.jdk7.jar:/Applications/MPS 2018.2.app/Contents/languages/baseLanguage/jetbrains.mps.baseLanguage.logging.runtime.jar:/Applications/MPS 2018.2.app/Contents/languages/baseLanguage/jetbrains.mps.baseLanguage.regexp.jar:/Applications/MPS 2018.2.app/Contents/languages/baseLanguage/jetbrains.mps.baseLanguage.regexp.runtime.jar:/Applications/MPS 2018.2.app/Contents/languages/baseLanguage/jetbrains.mps.baseLanguage.scopes.jar:/Applications/MPS 2018.2.app/Contents/languages/baseLanguage/jetbrains.mps.baseLanguage.tuples.jar:/Applications/MPS 2018.2.app/Contents/languages/baseLanguage/jetbrains.mps.baseLanguageInternal.jar:/Applications/MPS 2018.2.app/Contents/languages/devkits/jetbrains.mps.devkit.aspect.constraints.jar:/Applications/MPS 2018.2.app/Contents/languages/devkits/jetbrains.mps.devkit.aspect.migration.jar:/Applications/MPS 2018.2.app/Contents/languages/devkits/jetbrains.mps.devkit.aspect.structure.jar:/Applications/MPS 2018.2.app/Contents/languages/devkits/jetbrains.mps.devkit.aspect.typesystem.jar:/Applications/MPS 2018.2.app/Contents/languages/devkits/jetbrains.mps.devkit.general-purpose.jar:/Applications/MPS 2018.2.app/Contents/languages/devkits/jetbrains.mps.devkit.language-descriptor.jar:/Applications/MPS 2018.2.app/Contents/languages/languageDesign/jetbrains.mps.baseLanguage.lightweightdsl.jar:/Applications/MPS 2018.2.app/Contents/languages/languageDesign/jetbrains.mps.lang.actions.jar:/Applications/MPS 2018.2.app/Contents/languages/languageDesign/jetbrains.mps.lang.behavior.jar:/Applications/MPS 2018.2.app/Contents/languages/languageDesign/jetbrains.mps.lang.checkedName.jar:/Applications/MPS 2018.2.app/Contents/languages/languageDesign/jetbrains.mps.lang.constraints.jar:/Applications/MPS 2018.2.app/Contents/languages/languageDesign/jetbrains.mps.lang.core.jar:/Applications/MPS 2018.2.app/Contents/languages/languageDesign/jetbrains.mps.lang.dataFlow.jar:/Applications/MPS 2018.2.app/Contents/languages/languageDesign/jetbrains.mps.lang.descriptor.aspects.jar:/Applications/MPS 2018.2.app/Contents/languages/languageDesign/jetbrains.mps.lang.editor.jar:/Applications/MPS 2018.2.app/Contents/languages/languageDesign/jetbrains.mps.lang.findUsages.jar:/Applications/MPS 2018.2.app/Contents/languages/languageDesign/jetbrains.mps.lang.generator.generationContext.jar:/Applications/MPS 2018.2.app/Contents/languages/languageDesign/jetbrains.mps.lang.generator.jar:/Applications/MPS 2018.2.app/Contents/languages/languageDesign/jetbrains.mps.lang.intentions.jar:/Applications/MPS 2018.2.app/Contents/languages/languageDesign/jetbrains.mps.lang.migration.jar:/Applications/MPS 2018.2.app/Contents/languages/languageDesign/jetbrains.mps.lang.migration.runtime.jar:/Applications/MPS 2018.2.app/Contents/languages/languageDesign/jetbrains.mps.lang.modelapi.jar:/Applications/MPS 2018.2.app/Contents/languages/languageDesign/jetbrains.mps.lang.pattern.jar:/Applications/MPS 2018.2.app/Contents/languages/languageDesign/jetbrains.mps.lang.plugin.jar:/Applications/MPS 2018.2.app/Contents/languages/languageDesign/jetbrains.mps.lang.project.jar:/Applications/MPS 2018.2.app/Contents/languages/languageDesign/jetbrains.mps.lang.quotation.jar:/Applications/MPS 2018.2.app/Contents/languages/languageDesign/jetbrains.mps.lang.refactoring.jar:/Applications/MPS 2018.2.app/Contents/languages/languageDesign/jetbrains.mps.lang.resources.jar:/Applications/MPS 2018.2.app/Contents/languages/languageDesign/jetbrains.mps.lang.scopes.runtime.jar:/Applications/MPS 2018.2.app/Contents/languages/languageDesign/jetbrains.mps.lang.script.jar:/Applications/MPS 2018.2.app/Contents/languages/languageDesign/jetbrains.mps.lang.sharedConcepts.jar:/Applications/MPS 2018.2.app/Contents/languages/languageDesign/jetbrains.mps.lang.smodel.jar:/Applications/MPS 2018.2.app/Contents/languages/languageDesign/jetbrains.mps.lang.structure.jar:/Applications/MPS 2018.2.app/Contents/languages/languageDesign/jetbrains.mps.lang.textGen.jar:/Applications/MPS 2018.2.app/Contents/languages/languageDesign/jetbrains.mps.lang.traceable.jar:/Applications/MPS 2018.2.app/Contents/languages/languageDesign/jetbrains.mps.lang.typesystem.jar:/Applications/MPS 2018.2.app/Contents/languages/languageDesign/jetbrains.mps.refactoring.participant.jar:/Applications/MPS 2018.2.app/Contents/languages/make/jetbrains.mps.make.reduced.jar:/Applications/MPS 2018.2.app/Contents/languages/make/jetbrains.mps.tool.gentest.jar:/Applications/MPS 2018.2.app/Contents/lib/mps-behavior-api.jar:/Applications/MPS 2018.2.app/Contents/lib/mps-behavior-runtime.jar:/Applications/MPS 2018.2.app/Contents/lib/mps-closures.jar:/Applications/MPS 2018.2.app/Contents/lib/mps-collections.jar:/Applications/MPS 2018.2.app/Contents/lib/mps-core.jar:/Applications/MPS 2018.2.app/Contents/lib/mps-editor.jar:/Applications/MPS 2018.2.app/Contents/lib/mps-environment.jar:/Applications/MPS 2018.2.app/Contents/lib/mps-openapi.jar:/Applications/MPS 2018.2.app/Contents/lib/mps-platform.jar:/Applications/MPS 2018.2.app/Contents/lib/mps-stubs.jar:/Applications/MPS 2018.2.app/Contents/lib/mps-test.jar:/Applications/MPS 2018.2.app/Contents/lib/mps-tool.jar:/Applications/MPS 2018.2.app/Contents/lib/mps-tuples.jar:/Applications/MPS 2018.2.app/Contents/plugins/mps-build/languages/build/jetbrains.mps.build.mps.testManifest.jar:/Applications/MPS 2018.2.app/Contents/plugins/mps-core/languages/languageDesign/jetbrains.mps.lang.editor.table.runtime.jar:/Applications/MPS 2018.2.app/Contents/plugins/mps-testing/languages/baseLanguage/jetbrains.mps.baseLanguage.unitTest.jar:/Applications/MPS 2018.2.app/Contents/plugins/mps-testing/languages/languageDesign/jetbrains.mps.lang.test.jar:/Applications/MPS 2018.2.app/Contents/plugins/mps-testing/languages/languageDesign/jetbrains.mps.lang.test.matcher.jar:/Applications/MPS 2018.2.app/Contents/plugins/mps-testing/languages/languageDesign/jetbrains.mps.lang.test.runtime.jar:/Users/diederikdulfer/MPSProjects/Demo/build/artifacts/DemoWB/plugins/DemoWB/languages/DemoWB/ActionSL.jar:/Users/diederikdulfer/MPSProjects/Demo/build/artifacts/DemoWB/plugins/DemoWB/languages/DemoWB/ConstructionSL.jar:/Users/diederikdulfer/MPSProjects/Demo/build/artifacts/DemoWB/plugins/DemoWB/languages/DemoWB/DemoSL.jar:/Users/diederikdulfer/MPSProjects/Demo/build/artifacts/DemoWB/plugins/DemoWB/languages/DemoWB/FactSL.jar:/Users/diederikdulfer/MPSProjects/Demo/build/artifacts/DemoWB/plugins/DemoWB/languages/DemoWB/GeneralSL.jar:/Users/diederikdulfer/MPSProjects/Demo/build/artifacts/DemoWB/plugins/DemoWB/languages/DemoWB/ProcessSL.jar" />
    <property name="java.endorsed.dirs" value="/Library/Java/JavaVirtualMachines/jdk1.8.0_181.jdk/Contents/Home/jre/lib/endorsed" />
    <property name="import.mps.mps.date" value="20180919" />
    <property name="sun.cpu.isalist" value="" />
    <property name="sun.jnu.encoding" value="UTF-8" />
    <property name="file.encoding.pkg" value="sun.io" />
    <property name="mps.date" value="20180919" />
    <property name="file.separator" value="/" />
    <property name="java.specification.name" value="Java Platform API Specification" />
    <property name="java.class.version" value="52.0" />
    <property name="mps.mps.build.counter" value="1490" />
    <property name="artifacts.mpsBuild" value="/Applications/MPS 2018.2.app/Contents" />
    <property name="user.country" value="NL" />
    <property name="java.home" value="/Library/Java/JavaVirtualMachines/jdk1.8.0_181.jdk/Contents/Home/jre" />
    <property name="java.vm.info" value="mixed mode" />
    <property name="ant.file" value="/Users/diederikdulfer/MPSProjects/Demo/build.xml" />
    <property name="os.version" value="10.14" />
    <property name="com.mbeddr.platform.major.version" value="1" />
    <property name="import.mps.mps.build.number" value="MPS-182.1490" />
    <property name="import.mps.mps.teamcity.buildConfName" value="Binaries" />
    <property name="path.separator" value=":" />
    <property name="java.vm.version" value="25.181-b13" />
    <property name="artifacts.mpsMakePlugin" value="/Applications/MPS 2018.2.app/Contents/plugins" />
    <property name="import.com.mbeddr.platform.mps.idea.platform.build.number" value="MPS-182.5107.16" />
    <property name="ant.library.dir" value="/usr/local/Cellar/ant/1.9.6/libexec/lib" />
    <property name="plugin.path" value="/Applications/MPS 2018.2.app/Contents/plugins/mps-build:/Applications/MPS 2018.2.app/Contents/plugins/mps-core:/Applications/MPS 2018.2.app/Contents/plugins/mps-testing" />
    <property name="manifest.classpath" value="file:////Applications/MPS%202018.2.app/Contents/plugins/mps-build/languages/build/jetbrains.mps.build-generator.jar file:////Applications/MPS%202018.2.app/Contents/plugins/mps-build/languages/build/jetbrains.mps.build.jar file:////Applications/MPS%202018.2.app/Contents/plugins/mps-build/languages/build/jetbrains.mps.build.migration.jar file:////Applications/MPS%202018.2.app/Contents/plugins/mps-build/languages/build/jetbrains.mps.build.mps-generator.jar file:////Applications/MPS%202018.2.app/Contents/plugins/mps-build/languages/build/jetbrains.mps.build.mps.jar file:////Applications/MPS%202018.2.app/Contents/plugins/mps-build/languages/build/jetbrains.mps.build.mps.runner-generator.jar file:////Applications/MPS%202018.2.app/Contents/plugins/mps-build/languages/build/jetbrains.mps.build.mps.runner.jar file:////Applications/MPS%202018.2.app/Contents/plugins/mps-build/languages/build/jetbrains.mps.build.mps.testManifest-generator.jar file:////Applications/MPS%202018.2.app/Contents/plugins/mps-build/languages/build/jetbrains.mps.build.mps.testManifest.jar file:////Applications/MPS%202018.2.app/Contents/plugins/mps-build/languages/build/jetbrains.mps.build.mps.tests-generator.jar file:////Applications/MPS%202018.2.app/Contents/plugins/mps-build/languages/build/jetbrains.mps.build.mps.tests.jar file:////Applications/MPS%202018.2.app/Contents/plugins/mps-build/languages/build/jetbrains.mps.build.startup-generator.jar file:////Applications/MPS%202018.2.app/Contents/plugins/mps-build/languages/build/jetbrains.mps.build.startup.jar file:////Applications/MPS%202018.2.app/Contents/plugins/mps-build/languages/build/jetbrains.mps.build.workflow-generator.jar file:////Applications/MPS%202018.2.app/Contents/plugins/mps-build/languages/build/jetbrains.mps.build.workflow.jar file:////Applications/MPS%202018.2.app/Contents/plugins/mps-build/languages/build/jetbrains.mps.build.workflow.preset.jar file:////Applications/MPS%202018.2.app/Contents/plugins/mps-build/languages/build/jetbrains.mps.ide.build.jar file:////Applications/MPS%202018.2.app/Contents/plugins/mps-core/languages/languageDesign/jetbrains.mps.lang.editor.forms-generator.jar file:////Applications/MPS%202018.2.app/Contents/plugins/mps-core/languages/languageDesign/jetbrains.mps.lang.editor.forms.jar file:////Applications/MPS%202018.2.app/Contents/plugins/mps-core/languages/languageDesign/jetbrains.mps.lang.editor.forms.runtime.jar file:////Applications/MPS%202018.2.app/Contents/plugins/mps-core/languages/languageDesign/jetbrains.mps.lang.editor.table-generator.jar file:////Applications/MPS%202018.2.app/Contents/plugins/mps-core/languages/languageDesign/jetbrains.mps.lang.editor.table.jar file:////Applications/MPS%202018.2.app/Contents/plugins/mps-core/languages/languageDesign/jetbrains.mps.lang.editor.table.runtime.jar file:////Applications/MPS%202018.2.app/Contents/plugins/mps-core/languages/languageDesign/jetbrains.mps.lang.migration.util.jar file:////Applications/MPS%202018.2.app/Contents/plugins/mps-core/languages/util/jetbrains.mps.core.properties.jar file:////Applications/MPS%202018.2.app/Contents/plugins/mps-testing/languages/baseLanguage/jetbrains.mps.baseLanguage.unitTest-generator.jar file:////Applications/MPS%202018.2.app/Contents/plugins/mps-testing/languages/baseLanguage/jetbrains.mps.baseLanguage.unitTest.jar file:////Applications/MPS%202018.2.app/Contents/plugins/mps-testing/languages/gentest/jetbrains.mps.lang.test.generator-generator.jar file:////Applications/MPS%202018.2.app/Contents/plugins/mps-testing/languages/gentest/jetbrains.mps.lang.test.generator.jar file:////Applications/MPS%202018.2.app/Contents/plugins/mps-testing/languages/gentest/jetbrains.mps.lang.test.generator.rt.jar file:////Applications/MPS%202018.2.app/Contents/plugins/mps-testing/languages/languageDesign/jetbrains.mps.lang.smodelTests.jar file:////Applications/MPS%202018.2.app/Contents/plugins/mps-testing/languages/languageDesign/jetbrains.mps.lang.test-generator.jar file:////Applications/MPS%202018.2.app/Contents/plugins/mps-testing/languages/languageDesign/jetbrains.mps.lang.test.jar file:////Applications/MPS%202018.2.app/Contents/plugins/mps-testing/languages/languageDesign/jetbrains.mps.lang.test.matcher.jar file:////Applications/MPS%202018.2.app/Contents/plugins/mps-testing/languages/languageDesign/jetbrains.mps.lang.test.runtime.jar file:////Applications/MPS%202018.2.app/Contents/plugins/mps-testing/lib/jetbrains.mps.lang.test.util.jar file:////Applications/MPS%202018.2.app/Contents/lib/annotations.jar file:////Applications/MPS%202018.2.app/Contents/lib/ant/lib/ant-antlr.jar file:////Applications/MPS%202018.2.app/Contents/lib/ant/lib/ant-apache-bcel.jar file:////Applications/MPS%202018.2.app/Contents/lib/ant/lib/ant-apache-bsf.jar file:////Applications/MPS%202018.2.app/Contents/lib/ant/lib/ant-apache-log4j.jar file:////Applications/MPS%202018.2.app/Contents/lib/ant/lib/ant-apache-oro.jar file:////Applications/MPS%202018.2.app/Contents/lib/ant/lib/ant-apache-regexp.jar file:////Applications/MPS%202018.2.app/Contents/lib/ant/lib/ant-apache-resolver.jar file:////Applications/MPS%202018.2.app/Contents/lib/ant/lib/ant-apache-xalan2.jar file:////Applications/MPS%202018.2.app/Contents/lib/ant/lib/ant-commons-logging.jar file:////Applications/MPS%202018.2.app/Contents/lib/ant/lib/ant-commons-net.jar file:////Applications/MPS%202018.2.app/Contents/lib/ant/lib/ant-jai.jar file:////Applications/MPS%202018.2.app/Contents/lib/ant/lib/ant-javamail.jar file:////Applications/MPS%202018.2.app/Contents/lib/ant/lib/ant-jdepend.jar file:////Applications/MPS%202018.2.app/Contents/lib/ant/lib/ant-jmf.jar file:////Applications/MPS%202018.2.app/Contents/lib/ant/lib/ant-jsch.jar file:////Applications/MPS%202018.2.app/Contents/lib/ant/lib/ant-junit.jar file:////Applications/MPS%202018.2.app/Contents/lib/ant/lib/ant-junit4.jar file:////Applications/MPS%202018.2.app/Contents/lib/ant/lib/ant-launcher.jar file:////Applications/MPS%202018.2.app/Contents/lib/ant/lib/ant-mps.jar file:////Applications/MPS%202018.2.app/Contents/lib/ant/lib/ant-netrexx.jar file:////Applications/MPS%202018.2.app/Contents/lib/ant/lib/ant-swing.jar file:////Applications/MPS%202018.2.app/Contents/lib/ant/lib/ant-testutil.jar file:////Applications/MPS%202018.2.app/Contents/lib/ant/lib/ant.jar file:////Applications/MPS%202018.2.app/Contents/lib/asm-all.jar file:////Applications/MPS%202018.2.app/Contents/lib/automaton-1.12-1.jar file:////Applications/MPS%202018.2.app/Contents/lib/batik-all-1.10.jar file:////Applications/MPS%202018.2.app/Contents/lib/bcprov-jdk15on-1.59.jar file:////Applications/MPS%202018.2.app/Contents/lib/bootstrap.jar file:////Applications/MPS%202018.2.app/Contents/lib/branding.jar file:////Applications/MPS%202018.2.app/Contents/lib/cglib-nodep-3.2.4.jar file:////Applications/MPS%202018.2.app/Contents/lib/cli-parser-1.1.2.jar file:////Applications/MPS%202018.2.app/Contents/lib/common-image-3.3.2.jar file:////Applications/MPS%202018.2.app/Contents/lib/common-io-3.3.2.jar file:////Applications/MPS%202018.2.app/Contents/lib/common-lang-3.3.2.jar file:////Applications/MPS%202018.2.app/Contents/lib/commons-codec-1.10.jar file:////Applications/MPS%202018.2.app/Contents/lib/commons-collections-3.2.1.jar file:////Applications/MPS%202018.2.app/Contents/lib/commons-compress-1.16.1.jar file:////Applications/MPS%202018.2.app/Contents/lib/commons-httpclient-3.1-patched.jar file:////Applications/MPS%202018.2.app/Contents/lib/commons-imaging-1.0-RC-1.jar file:////Applications/MPS%202018.2.app/Contents/lib/commons-lang-2.4.jar file:////Applications/MPS%202018.2.app/Contents/lib/commons-logging-1.2.jar file:////Applications/MPS%202018.2.app/Contents/lib/delight-rhino-sandbox-0.0.6.jar file:////Applications/MPS%202018.2.app/Contents/lib/ecj-4.7.2.jar file:////Applications/MPS%202018.2.app/Contents/lib/eddsa-0.2.0.jar file:////Applications/MPS%202018.2.app/Contents/lib/ext/diffutils-1.2.1-javadoc.jar file:////Applications/MPS%202018.2.app/Contents/lib/ext/diffutils-1.2.1-sources.jar file:////Applications/MPS%202018.2.app/Contents/lib/ext/diffutils-1.2.1.jar file:////Applications/MPS%202018.2.app/Contents/lib/extensions.jar file:////Applications/MPS%202018.2.app/Contents/lib/fluent-hc-4.5.5.jar file:////Applications/MPS%202018.2.app/Contents/lib/forms-1.1-preview.jar file:////Applications/MPS%202018.2.app/Contents/lib/forms_rt.jar file:////Applications/MPS%202018.2.app/Contents/lib/fst-2.57.jar file:////Applications/MPS%202018.2.app/Contents/lib/groovy-all-2.4.15.jar file:////Applications/MPS%202018.2.app/Contents/lib/gson-2.8.4.jar file:////Applications/MPS%202018.2.app/Contents/lib/guava-23.6-jre.jar file:////Applications/MPS%202018.2.app/Contents/lib/hamcrest-core-1.3.jar file:////Applications/MPS%202018.2.app/Contents/lib/httpclient-4.5.5.jar file:////Applications/MPS%202018.2.app/Contents/lib/httpcore-4.4.9.jar file:////Applications/MPS%202018.2.app/Contents/lib/httpmime-4.5.5.jar file:////Applications/MPS%202018.2.app/Contents/lib/icons.jar file:////Applications/MPS%202018.2.app/Contents/lib/idea_rt.jar file:////Applications/MPS%202018.2.app/Contents/lib/imageio-core-3.3.2.jar file:////Applications/MPS%202018.2.app/Contents/lib/imageio-metadata-3.3.2.jar file:////Applications/MPS%202018.2.app/Contents/lib/imageio-tiff-3.3.2.jar file:////Applications/MPS%202018.2.app/Contents/lib/imgscalr-lib-4.2.jar file:////Applications/MPS%202018.2.app/Contents/lib/ini4j-0.5.5-2.jar file:////Applications/MPS%202018.2.app/Contents/lib/intellij-coverage-agent-1.0.470.jar file:////Applications/MPS%202018.2.app/Contents/lib/intellij-test-discovery-agent-1.0.470.jar file:////Applications/MPS%202018.2.app/Contents/lib/isorelax-20030108.jar file:////Applications/MPS%202018.2.app/Contents/lib/jackson-annotations-2.9.0.jar file:////Applications/MPS%202018.2.app/Contents/lib/jackson-core-2.9.5.jar file:////Applications/MPS%202018.2.app/Contents/lib/jackson-databind-2.9.5.jar file:////Applications/MPS%202018.2.app/Contents/lib/javac2.jar file:////Applications/MPS%202018.2.app/Contents/lib/javahelp-2.0.02.jar file:////Applications/MPS%202018.2.app/Contents/lib/javassist-3.22.0-GA.jar file:////Applications/MPS%202018.2.app/Contents/lib/jaxen-1.1.6.jar file:////Applications/MPS%202018.2.app/Contents/lib/jayatana-1.2.4.jar file:////Applications/MPS%202018.2.app/Contents/lib/jbcrypt-1.0.0.jar file:////Applications/MPS%202018.2.app/Contents/lib/jdom.jar file:////Applications/MPS%202018.2.app/Contents/lib/jediterm-pty-2.10.jar file:////Applications/MPS%202018.2.app/Contents/lib/jing.jar file:////Applications/MPS%202018.2.app/Contents/lib/jna-platform.jar file:////Applications/MPS%202018.2.app/Contents/lib/jna.jar file:////Applications/MPS%202018.2.app/Contents/lib/jps-model.jar file:////Applications/MPS%202018.2.app/Contents/lib/jps/jps-build-test.jar file:////Applications/MPS%202018.2.app/Contents/lib/jsch-0.1.54.jar file:////Applications/MPS%202018.2.app/Contents/lib/jshell-frontend.jar file:////Applications/MPS%202018.2.app/Contents/lib/junit-4.12.jar file:////Applications/MPS%202018.2.app/Contents/lib/kotlin-reflect.jar file:////Applications/MPS%202018.2.app/Contents/lib/kotlin-stdlib-jdk7.jar file:////Applications/MPS%202018.2.app/Contents/lib/kotlin-stdlib-jdk8.jar file:////Applications/MPS%202018.2.app/Contents/lib/kotlin-stdlib.jar file:////Applications/MPS%202018.2.app/Contents/lib/kotlin-test.jar file:////Applications/MPS%202018.2.app/Contents/lib/kotlinx-coroutines-core-0.22.5.jar file:////Applications/MPS%202018.2.app/Contents/lib/kotlinx-coroutines-jdk8-0.22.5.jar file:////Applications/MPS%202018.2.app/Contents/lib/log4j-1.2.17.jar file:////Applications/MPS%202018.2.app/Contents/lib/log4j.jar file:////Applications/MPS%202018.2.app/Contents/lib/lz4-1.3.0.jar file:////Applications/MPS%202018.2.app/Contents/lib/microba.jar file:////Applications/MPS%202018.2.app/Contents/lib/miglayout-core-5.1.jar file:////Applications/MPS%202018.2.app/Contents/lib/miglayout-swing-5.1.jar file:////Applications/MPS%202018.2.app/Contents/lib/mps-annotations.jar file:////Applications/MPS%202018.2.app/Contents/lib/mps-behavior-api.jar file:////Applications/MPS%202018.2.app/Contents/lib/mps-behavior-runtime.jar file:////Applications/MPS%202018.2.app/Contents/lib/mps-boot-util.jar file:////Applications/MPS%202018.2.app/Contents/lib/mps-boot.jar file:////Applications/MPS%202018.2.app/Contents/lib/mps-closures.jar file:////Applications/MPS%202018.2.app/Contents/lib/mps-collections.jar file:////Applications/MPS%202018.2.app/Contents/lib/mps-core.jar file:////Applications/MPS%202018.2.app/Contents/lib/mps-editor-api.jar file:////Applications/MPS%202018.2.app/Contents/lib/mps-editor-runtime.jar file:////Applications/MPS%202018.2.app/Contents/lib/mps-editor.jar file:////Applications/MPS%202018.2.app/Contents/lib/mps-environment.jar file:////Applications/MPS%202018.2.app/Contents/lib/mps-icons.jar file:////Applications/MPS%202018.2.app/Contents/lib/mps-logging.jar file:////Applications/MPS%202018.2.app/Contents/lib/mps-messaging.jar file:////Applications/MPS%202018.2.app/Contents/lib/mps-openapi.jar file:////Applications/MPS%202018.2.app/Contents/lib/mps-platform.jar file:////Applications/MPS%202018.2.app/Contents/lib/mps-resources.jar file:////Applications/MPS%202018.2.app/Contents/lib/mps-resources_en.jar file:////Applications/MPS%202018.2.app/Contents/lib/mps-stubs.jar file:////Applications/MPS%202018.2.app/Contents/lib/mps-test.jar file:////Applications/MPS%202018.2.app/Contents/lib/mps-tool.jar file:////Applications/MPS%202018.2.app/Contents/lib/mps-tuples.jar file:////Applications/MPS%202018.2.app/Contents/lib/mps-workbench.jar file:////Applications/MPS%202018.2.app/Contents/lib/nanoxml-2.2.3.jar file:////Applications/MPS%202018.2.app/Contents/lib/netty-buffer-4.1.25.Final.jar file:////Applications/MPS%202018.2.app/Contents/lib/netty-codec-4.1.25.Final.jar file:////Applications/MPS%202018.2.app/Contents/lib/netty-codec-http-4.1.25.Final.jar file:////Applications/MPS%202018.2.app/Contents/lib/netty-common-4.1.25.Final.jar file:////Applications/MPS%202018.2.app/Contents/lib/netty-handler-4.1.25.Final.jar file:////Applications/MPS%202018.2.app/Contents/lib/netty-resolver-4.1.25.Final.jar file:////Applications/MPS%202018.2.app/Contents/lib/netty-transport-4.1.25.Final.jar file:////Applications/MPS%202018.2.app/Contents/lib/objenesis-2.6.jar file:////Applications/MPS%202018.2.app/Contents/lib/openapi.jar file:////Applications/MPS%202018.2.app/Contents/lib/oro-2.0.8.jar file:////Applications/MPS%202018.2.app/Contents/lib/picocontainer-1.2.jar file:////Applications/MPS%202018.2.app/Contents/lib/platform-api.jar file:////Applications/MPS%202018.2.app/Contents/lib/platform-impl.jar file:////Applications/MPS%202018.2.app/Contents/lib/platform.jar file:////Applications/MPS%202018.2.app/Contents/lib/proxy-vole-1.0.4.jar file:////Applications/MPS%202018.2.app/Contents/lib/pty4j-0.7.5.jar file:////Applications/MPS%202018.2.app/Contents/lib/purejavacomm.jar file:////Applications/MPS%202018.2.app/Contents/lib/resources.jar file:////Applications/MPS%202018.2.app/Contents/lib/resources_en.jar file:////Applications/MPS%202018.2.app/Contents/lib/rhino-1.7.10.jar file:////Applications/MPS%202018.2.app/Contents/lib/rngom-20051226-patched.jar file:////Applications/MPS%202018.2.app/Contents/lib/serviceMessages.jar file:////Applications/MPS%202018.2.app/Contents/lib/slf4j-api-1.7.25.jar file:////Applications/MPS%202018.2.app/Contents/lib/slf4j-log4j12-1.7.25.jar file:////Applications/MPS%202018.2.app/Contents/lib/stax-api-1.0.1.jar file:////Applications/MPS%202018.2.app/Contents/lib/streamex-0.6.5.jar file:////Applications/MPS%202018.2.app/Contents/lib/swingx-core-1.6.2-2.jar file:////Applications/MPS%202018.2.app/Contents/lib/trang-core.jar file:////Applications/MPS%202018.2.app/Contents/lib/trilead-ssh2-build-217-jenkins-11.jar file:////Applications/MPS%202018.2.app/Contents/lib/trove4j.jar file:////Applications/MPS%202018.2.app/Contents/lib/util.jar file:////Applications/MPS%202018.2.app/Contents/lib/velocity-1.7.jar file:////Applications/MPS%202018.2.app/Contents/lib/winp-1.26.jar file:////Applications/MPS%202018.2.app/Contents/lib/xercesImpl-2.11.0.jar file:////Applications/MPS%202018.2.app/Contents/lib/xml-apis-ext-1.3.04.jar file:////Applications/MPS%202018.2.app/Contents/lib/xml-resolver-1.2.jar file:////Applications/MPS%202018.2.app/Contents/lib/xmlbeans-2.6.0.jar file:////Applications/MPS%202018.2.app/Contents/lib/xmlgraphics-commons-2.2.jar file:////Applications/MPS%202018.2.app/Contents/lib/xmlpull-1.1.3.1.jar file:////Applications/MPS%202018.2.app/Contents/lib/xmlrpc-2.0.1.jar file:////Applications/MPS%202018.2.app/Contents/lib/xpp3_min-1.1.4c.jar file:////Applications/MPS%202018.2.app/Contents/lib/xstream-1.4.10.jar file:////Library/Java/JavaVirtualMachines/jdk1.8.0_181.jdk/Contents/Home/lib/tools.jar" />
    <property name="env.JAVA_HOME" value="/Library/Java/JavaVirtualMachines/jdk1.8.0_181.jdk/Contents/Home/jre/.." />
    <property name="java.awt.printerjob" value="sun.lwawt.macosx.CPrinterJob" />
    <property name="sun.io.unicode.encoding" value="UnicodeBig" />
    <property name="artifacts.mps" value="/Applications/MPS 2018.2.app/Contents" />
    <property name="awt.toolkit" value="sun.lwawt.macosx.LWCToolkit" />
    <property name="import.com.mbeddr.platform.com.mbeddr.platform.major.version" value="1" />
    <property name="user.home" value="/Users/diederikdulfer" />
    <property name="mps.tests.path.string" value="/Users/diederikdulfer/MPSProjects/Demo/build/artifacts/DemoWB/plugins/DemoWB/languages/DemoWB/DemoWBTests.jar" />
    <property name="import.com.mbeddr.platform.mps.teamcity.buildConfName" value="Binaries" />
    <property name="import.com.mbeddr.platform.mps.date" value="20181116" />
    <property name="java.specification.vendor" value="Oracle Corporation" />
    <property name="java.vendor.url" value="http://java.oracle.com/" />
    <property name="java.library.path" value="/Users/diederikdulfer/Library/Java/Extensions:/Library/Java/Extensions:/Network/Library/Java/Extensions:/System/Library/Java/Extensions:/usr/lib/java:." />
    <property name="mps.generator.skipUnmodifiedModels" value="false" />
    <property name="import.com.mbeddr.platform.de.itemis.mps.extensions.versionNumber" value="2018.2.383.e41761e" />
    <property name="gopherProxySet" value="false" />
    <property name="java.vm.vendor" value="Oracle Corporation" />
    <property name="java.runtime.name" value="Java(TM) SE Runtime Environment" />
    <property name="ant.version" value="Apache Ant(TM) version 1.9.6 compiled on June 29 2015" />
    <property name="java.class.path" value="/Users/diederikdulfer/MPSProjects/Demo/build/tmp/DemoWB/mps.class.path.jar:/usr/local/Cellar/ant/1.9.6/libexec/lib/ant-launcher.jar:/usr/local/Cellar/ant/1.9.6/libexec/lib/ant.jar:/usr/local/Cellar/ant/1.9.6/libexec/lib/ant-junit.jar:/usr/local/Cellar/ant/1.9.6/libexec/lib/ant-junit4.jar" />
    <property name="sun.java.command" value="org.apache.tools.ant.taskdefs.optional.junit.JUnitTestRunner jetbrains.mps.testbench.junit.suites.AntModuleTestSuite skipNonTests=false filtertrace=true haltOnError=false haltOnFailure=false showoutput=true outputtoformatters=true logfailedtests=true threadid=0 logtestlistenerevents=false formatter=org.apache.tools.ant.taskdefs.optional.junit.XMLJUnitResultFormatter,/Users/diederikdulfer/MPSProjects/Demo/TEST-jetbrains.mps.testbench.junit.suites.AntModuleTestSuite-test.xml crashfile=/Users/diederikdulfer/MPSProjects/Demo/junitvmwatcher315152839097492771.properties propsfile=/Users/diederikdulfer/MPSProjects/Demo/junit5643758798401612068.properties" />
    <property name="TSTAMP" value="0651" />
    <property name="java.vm.specification.name" value="Java Virtual Machine Specification" />
    <property name="jdk.home" value="/Library/Java/JavaVirtualMachines/jdk1.8.0_181.jdk/Contents/Home/jre/.." />
    <property name="mps.test.modules" value="/Users/diederikdulfer/MPSProjects/Demo/build/artifacts/DemoWB/plugins/DemoWB/languages/DemoWB/DemoWBTests.jar" />
    <property name="import.mps.mps.build.vcs.number" value="9f49f919abd49bff56faa0e5ddc813ed25c41e50" />
    <property name="artifacts.com.mbeddr.platform" value="/Applications/MPS 2018.2.app/Contents/plugins" />
    <property name="ant.file.type" value="file" />
    <property name="java.vm.specification.version" value="1.8" />
    <property name="import.com.mbeddr.platform.mps.mps.build.counter" value="1603" />
    <property name="sun.os.patch.level" value="unknown" />
    <property name="sun.cpu.endian" value="little" />
    <property name="java.io.tmpdir" value="/var/folders/jf/21j_jyvn5cl1vq22ycltddh00000gn/T/" />
    <property name="java.vendor.url.bug" value="http://bugreport.sun.com/bugreport/" />
    <property name="java.awt.graphicsenv" value="sun.awt.CGraphicsEnvironment" />
    <property name="os.arch" value="x86_64" />
    <property name="mpsBootstrapCore.version" value="2018.2" />
    <property name="java.ext.dirs" value="/Users/diederikdulfer/Library/Java/Extensions:/Library/Java/JavaVirtualMachines/jdk1.8.0_181.jdk/Contents/Home/jre/lib/ext:/Library/Java/Extensions:/Network/Library/Java/Extensions:/System/Library/Java/Extensions:/usr/lib/java" />
    <property name="import.com.mbeddr.platform.mps.build.number" value="MPS-182.1603" />
    <property name="user.dir" value="/Users/diederikdulfer/MPSProjects/Demo" />
    <property name="artifacts.com.mbeddr.platform.distribution" value="/Applications/MPS 2018.2.app/Contents/plugins" />
    <property name="import.com.mbeddr.platform.mpsBootstrapCore.version" value="2018.2" />
    <property name="build.layout" value="/Users/diederikdulfer/MPSProjects/Demo/build/artifacts/DemoWB" />
    <property name="mps.plugins.path.string" value="/Applications/MPS 2018.2.app/Contents/plugins/mps-build:/Applications/MPS 2018.2.app/Contents/plugins/mps-core:/Applications/MPS 2018.2.app/Contents/plugins/mps-testing" />
    <property name="line.separator" value="&#xa;" />
    <property name="java.vm.name" value="Java HotSpot(TM) 64-Bit Server VM" />
    <property name="ant.file.DemoWB" value="/Users/diederikdulfer/MPSProjects/Demo/build.xml" />
    <property name="import.mps.mps.mps.build.counter" value="1490" />
    <property name="de.itemis.mps.extensions.versionNumber" value="2018.2.383.e41761e" />
    <property name="environment" value="env" />
    <property name="mps.build.number" value="MPS-182.1490" />
    <property name="basedir" value="/Users/diederikdulfer/MPSProjects/Demo" />
    <property name="ant.java.version" value="1.8" />
    <property name="ant.core.lib" value="/usr/local/Cellar/ant/1.9.6/libexec/lib/ant.jar" />
    <property name="mps_home" value="/Applications/MPS 2018.2.app/Contents" />
    <property name="import.com.mbeddr.platform.com.mbeddr.platform.build" value="1.1.21024.35ed891" />
    <property name="file.encoding" value="UTF-8" />
    <property name="artifacts.de.itemis.mps.extensions" value="/Applications/MPS 2018.2.app/Contents/plugins" />
    <property name="com.mbeddr.platform.minor.version" value="1" />
    <property name="mps.libraries" value="/Applications/MPS 2018.2.app/Contents/plugins/com.mbeddr.mpsutil.editor.querylist/languages/group.editor.querylist/com.mbeddr.mpsutil.editor.querylist.runtime.jar:/Applications/MPS 2018.2.app/Contents/plugins/de-itemis-mps-selection/languages/de.itemis.mps.selection/de.itemis.mps.selection.runtime.jar:/Applications/MPS 2018.2.app/Contents/plugins/de.itemis.mps.celllayout/languages/de.itemis.mps.celllayout/de.itemis.mps.editor.celllayout.runtime.jar:/Applications/MPS 2018.2.app/Contents/plugins/de.itemis.mps.celllayout/languages/de.itemis.mps.celllayout/de.itemis.mps.editor.celllayout.styles.jar:/Applications/MPS 2018.2.app/Contents/plugins/de.itemis.mps.editor.diagram/languages/de.itemis.mps.editor.diagram/de.itemis.mps.editor.diagram.devkit.jar:/Applications/MPS 2018.2.app/Contents/plugins/de.itemis.mps.editor.diagram/languages/de.itemis.mps.editor.diagram/de.itemis.mps.editor.diagram.layout.jar:/Applications/MPS 2018.2.app/Contents/plugins/de.itemis.mps.editor.diagram/languages/de.itemis.mps.editor.diagram/de.itemis.mps.editor.diagram.runtime.jar:/Applications/MPS 2018.2.app/Contents/plugins/de.itemis.mps.editor.diagram/languages/de.itemis.mps.editor.diagram/de.itemis.mps.editor.diagram.styles.jar:/Applications/MPS 2018.2.app/Contents/plugins/de.itemis.mps.editor.widgets/languages/de.itemis.mps.editor.widgets/de.itemis.mps.editor.collapsible.runtime.jar:/Applications/MPS 2018.2.app/Contents/plugins/de.itemis.mps.editor.widgets/languages/de.itemis.mps.editor.widgets/de.itemis.mps.mouselistener.runtime.jar:/Applications/MPS 2018.2.app/Contents/plugins/de.itemis.mps.tooltips/languages/de.itemis.mps.tooltips/de.itemis.mps.tooltips.runtime.jar:/Applications/MPS 2018.2.app/Contents/plugins/de.slisson.mps.conditionalEditor/languages/de.slisson.mps.conditionalEditor/de.slisson.mps.conditionalEditor.hints.jar:/Applications/MPS 2018.2.app/Contents/plugins/de.slisson.mps.conditionalEditor/languages/de.slisson.mps.conditionalEditor/de.slisson.mps.conditionalEditor.runtime.jar:/Applications/MPS 2018.2.app/Contents/plugins/de.slisson.mps.hacks/languages/de.slisson.mps.hacks/de.slisson.mps.hacks.editor.jar:/Applications/MPS 2018.2.app/Contents/plugins/de.slisson.mps.hacks/languages/de.slisson.mps.hacks/de.slisson.mps.reflection.runtime.jar:/Applications/MPS 2018.2.app/Contents/plugins/mps-apache-commons/languages/mps-apache-commons-math/org.apache.commons.jar:/Applications/MPS 2018.2.app/Contents/plugins/mps-tables/languages/mps-tables/de.slisson.mps.tables.jar:/Applications/MPS 2018.2.app/Contents/plugins/mps-tables/languages/mps-tables/de.slisson.mps.tables.runtime.jar:/Applications/MPS 2018.2.app/Contents/languages/baseLanguage/jetbrains.mps.baseLanguage.blTypes.jar:/Applications/MPS 2018.2.app/Contents/languages/baseLanguage/jetbrains.mps.baseLanguage.classifiers.jar:/Applications/MPS 2018.2.app/Contents/languages/baseLanguage/jetbrains.mps.baseLanguage.closures.jar:/Applications/MPS 2018.2.app/Contents/languages/baseLanguage/jetbrains.mps.baseLanguage.collections.jar:/Applications/MPS 2018.2.app/Contents/languages/baseLanguage/jetbrains.mps.baseLanguage.jar:/Applications/MPS 2018.2.app/Contents/languages/baseLanguage/jetbrains.mps.baseLanguage.javadoc.jar:/Applications/MPS 2018.2.app/Contents/languages/baseLanguage/jetbrains.mps.baseLanguage.jdk7.jar:/Applications/MPS 2018.2.app/Contents/languages/baseLanguage/jetbrains.mps.baseLanguage.logging.runtime.jar:/Applications/MPS 2018.2.app/Contents/languages/baseLanguage/jetbrains.mps.baseLanguage.regexp.jar:/Applications/MPS 2018.2.app/Contents/languages/baseLanguage/jetbrains.mps.baseLanguage.regexp.runtime.jar:/Applications/MPS 2018.2.app/Contents/languages/baseLanguage/jetbrains.mps.baseLanguage.scopes.jar:/Applications/MPS 2018.2.app/Contents/languages/baseLanguage/jetbrains.mps.baseLanguage.tuples.jar:/Applications/MPS 2018.2.app/Contents/languages/baseLanguage/jetbrains.mps.baseLanguageInternal.jar:/Applications/MPS 2018.2.app/Contents/languages/devkits/jetbrains.mps.devkit.aspect.constraints.jar:/Applications/MPS 2018.2.app/Contents/languages/devkits/jetbrains.mps.devkit.aspect.migration.jar:/Applications/MPS 2018.2.app/Contents/languages/devkits/jetbrains.mps.devkit.aspect.structure.jar:/Applications/MPS 2018.2.app/Contents/languages/devkits/jetbrains.mps.devkit.aspect.typesystem.jar:/Applications/MPS 2018.2.app/Contents/languages/devkits/jetbrains.mps.devkit.general-purpose.jar:/Applications/MPS 2018.2.app/Contents/languages/devkits/jetbrains.mps.devkit.language-descriptor.jar:/Applications/MPS 2018.2.app/Contents/languages/languageDesign/jetbrains.mps.baseLanguage.lightweightdsl.jar:/Applications/MPS 2018.2.app/Contents/languages/languageDesign/jetbrains.mps.lang.actions.jar:/Applications/MPS 2018.2.app/Contents/languages/languageDesign/jetbrains.mps.lang.behavior.jar:/Applications/MPS 2018.2.app/Contents/languages/languageDesign/jetbrains.mps.lang.checkedName.jar:/Applications/MPS 2018.2.app/Contents/languages/languageDesign/jetbrains.mps.lang.constraints.jar:/Applications/MPS 2018.2.app/Contents/languages/languageDesign/jetbrains.mps.lang.core.jar:/Applications/MPS 2018.2.app/Contents/languages/languageDesign/jetbrains.mps.lang.dataFlow.jar:/Applications/MPS 2018.2.app/Contents/languages/languageDesign/jetbrains.mps.lang.descriptor.aspects.jar:/Applications/MPS 2018.2.app/Contents/languages/languageDesign/jetbrains.mps.lang.editor.jar:/Applications/MPS 2018.2.app/Contents/languages/languageDesign/jetbrains.mps.lang.findUsages.jar:/Applications/MPS 2018.2.app/Contents/languages/languageDesign/jetbrains.mps.lang.generator.generationContext.jar:/Applications/MPS 2018.2.app/Contents/languages/languageDesign/jetbrains.mps.lang.generator.jar:/Applications/MPS 2018.2.app/Contents/languages/languageDesign/jetbrains.mps.lang.intentions.jar:/Applications/MPS 2018.2.app/Contents/languages/languageDesign/jetbrains.mps.lang.migration.jar:/Applications/MPS 2018.2.app/Contents/languages/languageDesign/jetbrains.mps.lang.migration.runtime.jar:/Applications/MPS 2018.2.app/Contents/languages/languageDesign/jetbrains.mps.lang.modelapi.jar:/Applications/MPS 2018.2.app/Contents/languages/languageDesign/jetbrains.mps.lang.pattern.jar:/Applications/MPS 2018.2.app/Contents/languages/languageDesign/jetbrains.mps.lang.plugin.jar:/Applications/MPS 2018.2.app/Contents/languages/languageDesign/jetbrains.mps.lang.project.jar:/Applications/MPS 2018.2.app/Contents/languages/languageDesign/jetbrains.mps.lang.quotation.jar:/Applications/MPS 2018.2.app/Contents/languages/languageDesign/jetbrains.mps.lang.refactoring.jar:/Applications/MPS 2018.2.app/Contents/languages/languageDesign/jetbrains.mps.lang.resources.jar:/Applications/MPS 2018.2.app/Contents/languages/languageDesign/jetbrains.mps.lang.scopes.runtime.jar:/Applications/MPS 2018.2.app/Contents/languages/languageDesign/jetbrains.mps.lang.script.jar:/Applications/MPS 2018.2.app/Contents/languages/languageDesign/jetbrains.mps.lang.sharedConcepts.jar:/Applications/MPS 2018.2.app/Contents/languages/languageDesign/jetbrains.mps.lang.smodel.jar:/Applications/MPS 2018.2.app/Contents/languages/languageDesign/jetbrains.mps.lang.structure.jar:/Applications/MPS 2018.2.app/Contents/languages/languageDesign/jetbrains.mps.lang.textGen.jar:/Applications/MPS 2018.2.app/Contents/languages/languageDesign/jetbrains.mps.lang.traceable.jar:/Applications/MPS 2018.2.app/Contents/languages/languageDesign/jetbrains.mps.lang.typesystem.jar:/Applications/MPS 2018.2.app/Contents/languages/languageDesign/jetbrains.mps.refactoring.participant.jar:/Applications/MPS 2018.2.app/Contents/languages/make/jetbrains.mps.make.reduced.jar:/Applications/MPS 2018.2.app/Contents/languages/make/jetbrains.mps.tool.gentest.jar:/Applications/MPS 2018.2.app/Contents/lib/mps-behavior-api.jar:/Applications/MPS 2018.2.app/Contents/lib/mps-behavior-runtime.jar:/Applications/MPS 2018.2.app/Contents/lib/mps-closures.jar:/Applications/MPS 2018.2.app/Contents/lib/mps-collections.jar:/Applications/MPS 2018.2.app/Contents/lib/mps-core.jar:/Applications/MPS 2018.2.app/Contents/lib/mps-editor.jar:/Applications/MPS 2018.2.app/Contents/lib/mps-environment.jar:/Applications/MPS 2018.2.app/Contents/lib/mps-openapi.jar:/Applications/MPS 2018.2.app/Contents/lib/mps-platform.jar:/Applications/MPS 2018.2.app/Contents/lib/mps-stubs.jar:/Applications/MPS 2018.2.app/Contents/lib/mps-test.jar:/Applications/MPS 2018.2.app/Contents/lib/mps-tool.jar:/Applications/MPS 2018.2.app/Contents/lib/mps-tuples.jar:/Applications/MPS 2018.2.app/Contents/plugins/mps-build/languages/build/jetbrains.mps.build.mps.testManifest.jar:/Applications/MPS 2018.2.app/Contents/plugins/mps-core/languages/languageDesign/jetbrains.mps.lang.editor.table.runtime.jar:/Applications/MPS 2018.2.app/Contents/plugins/mps-testing/languages/baseLanguage/jetbrains.mps.baseLanguage.unitTest.jar:/Applications/MPS 2018.2.app/Contents/plugins/mps-testing/languages/languageDesign/jetbrains.mps.lang.test.jar:/Applications/MPS 2018.2.app/Contents/plugins/mps-testing/languages/languageDesign/jetbrains.mps.lang.test.matcher.jar:/Applications/MPS 2018.2.app/Contents/plugins/mps-testing/languages/languageDesign/jetbrains.mps.lang.test.runtime.jar:/Users/diederikdulfer/MPSProjects/Demo/build/artifacts/DemoWB/plugins/DemoWB/languages/DemoWB/ActionSL.jar:/Users/diederikdulfer/MPSProjects/Demo/build/artifacts/DemoWB/plugins/DemoWB/languages/DemoWB/ConstructionSL.jar:/Users/diederikdulfer/MPSProjects/Demo/build/artifacts/DemoWB/plugins/DemoWB/languages/DemoWB/DemoSL.jar:/Users/diederikdulfer/MPSProjects/Demo/build/artifacts/DemoWB/plugins/DemoWB/languages/DemoWB/FactSL.jar:/Users/diederikdulfer/MPSProjects/Demo/build/artifacts/DemoWB/plugins/DemoWB/languages/DemoWB/GeneralSL.jar:/Users/diederikdulfer/MPSProjects/Demo/build/artifacts/DemoWB/plugins/DemoWB/languages/DemoWB/ProcessSL.jar" />
    <property name="mbeddr_home" value="/Applications/MPS 2018.2.app/Contents/plugins" />
    <property name="java.specification.version" value="1.8" />
    <property name="ant.project.invoked-targets" value="test" />
    <property name="import.mps.mpsBootstrapCore.version" value="2018.2" />
  </properties>
  <testcase classname="Tests.TestConstructionSL.ConstructionModel_Test" name="test_NodeErrorCheck4919393501061414270" time="0.055">
    <skipped message="Failed to open the project using the given environemnt" />
  </testcase>
  <testcase classname="Tests.TestConstructionSL.ConstructionModelInitiator_Test" name="test_NodeErrorCheck4919393501061767760" time="0.001">
    <skipped message="Failed to open the project using the given environemnt" />
  </testcase>
  <testcase classname="Tests.TestConstructionSL.ConstructionModelExecutor_Test" name="test_NodeErrorCheck4919393501061768827" time="0.0">
    <skipped message="Failed to open the project using the given environemnt" />
  </testcase>
  <system-out><![CDATA[[      0]   INFO -     #com.intellij.util.ui.JBUI - User scale factor: 1.0 
[     15]   INFO -     #com.intellij.util.ui.JBUI - System scale factor: 2.0 (JRE-managed HiDPI) 
[    120]   INFO - .intellij.idea.IdeaApplication - CPU cores: 4; ForkJoinPool.commonPool: java.util.concurrent.ForkJoinPool@f381794[Running, parallelism = 4, size = 0, active = 0, running = 0, steals = 0, tasks = 0, submissions = 0]; factory: com.intellij.concurrency.IdeaForkJoinWorkerThreadFactory@2cdd0d4b 
[   1138]   INFO - llij.ide.plugins.PluginManager - 4 plugins initialized in 825 ms 
[   1139]   INFO - llij.ide.plugins.PluginManager - Loaded bundled plugins: IDEA CORE (182.1490) 
[   1140]   INFO - llij.ide.plugins.PluginManager - Loaded custom plugins: MPS Build languages (2018.2.4), MPS Core (182.1490), MPS Testing (2018.2.4) 
[   2229]   INFO - ij.components.ComponentManager - com.intellij.openapi.components.impl.ServiceManagerImpl initialized in 119 ms 
[   2374]   INFO - ellij.vfs.persistent.FSRecords - Marking VFS as corrupted: '/Applications/MPS 2018.2.app/Contents/system/caches/names.dat' does not exist 
[   2379]   INFO - ellij.util.io.PagedFileStorage - lower=100; upper=500; buffer=10; max=890 
[   2600]   INFO - ij.components.ComponentManager - com.intellij.openapi.vfs.newvfs.persistent.PersistentFSImpl initialized in 352 ms 
[   2624]   INFO - pl.local.NativeFileWatcherImpl - Native file watcher is disabled 
[   2624]   INFO - ij.components.ComponentManager - com.intellij.openapi.vfs.impl.local.LocalFileSystemImpl initialized in 376 ms 
[   2699]   INFO - ij.components.ComponentManager - jetbrains.mps.smodel.WorkbenchModelAccess initialized in 69 ms 
[   2990]   INFO - ij.components.ComponentManager - jetbrains.mps.ide.MPSCoreComponents initialized in 363 ms 
[   3005]   INFO - ij.components.ComponentManager - jetbrains.mps.nodefs.NodeVirtualFileSystem initialized in 379 ms 
[   3015]   INFO - ij.components.ComponentManager - com.intellij.openapi.vfs.PlatformVirtualFileManager initialized in 769 ms 
[   3490]   INFO - tellij.openapi.util.IconLoader - replace '/nodes/newFolder.png' with 'AllIcons.Nodes.Folder' 
[   3806]   INFO - ij.components.ComponentManager - com.intellij.openapi.fileTypes.impl.FileTypeManagerImpl initialized in 434 ms 
[   3880]   INFO - ij.components.ComponentManager - com.intellij.openapi.keymap.impl.KeymapManagerImpl initialized in 64 ms 
[   4139]   INFO - ij.components.ComponentManager - com.intellij.openapi.actionSystem.impl.ActionManagerImpl initialized in 324 ms 
[   4173]   INFO - ij.components.ComponentManager - com.intellij.openapi.editor.impl.EditorFactoryImpl initialized in 360 ms 
[   4198]   INFO - ij.components.ComponentManager - com.intellij.history.integration.LocalHistoryImpl initialized in 24 ms 
[   4211]   INFO - ij.components.ComponentManager - com.intellij.openapi.command.impl.UndoManagerImpl initialized in 12 ms 
[   4232]   INFO - ij.components.ComponentManager - com.intellij.diagnostic.PerformanceWatcher initialized in 15 ms 
[   4265]   INFO - ij.components.ComponentManager - com.intellij.util.net.HttpConfigurable initialized in 26 ms 
[   4793]   INFO - til.net.ssl.CertificateManager - Default SSL context initialized 
[   4794]   INFO - ij.components.ComponentManager - com.intellij.util.net.ssl.CertificateManager initialized in 528 ms 
[   4835]   INFO - ij.components.ComponentManager - com.intellij.ide.IdeTooltipManager initialized in 33 ms 
[   5138]   INFO - m.intellij.ui.mac.touchbar.NST - touchbar-server isn't running, skip nst loading 
[   5145]   INFO - ij.components.ComponentManager - com.intellij.ide.MacOSApplicationProvider initialized in 302 ms 
[   5169]   INFO - ij.components.ComponentManager - com.intellij.openapi.wm.impl.TestWindowManager initialized in 23 ms 
[   5385]   INFO - il.indexing.FileBasedIndexImpl - Index exts enumerated:156, number of extensions:12 
[   5404]   INFO - il.indexing.FileBasedIndexImpl - Index scheduled:18 
[   5404]   INFO - ij.components.ComponentManager - com.intellij.util.indexing.FileBasedIndexImpl initialized in 233 ms 
[   5420]   INFO - tellij.psi.stubs.StubIndexImpl - All stub exts enumerated:1, number of extensions:0 
[   5423]   INFO - tellij.psi.stubs.StubIndexImpl - stub exts update scheduled:2 
[   5423]   INFO - ij.components.ComponentManager - com.intellij.psi.stubs.StubIndexImpl initialized in 19 ms 
[   5439]   INFO - ij.components.ComponentManager - com.intellij.psi.stubs.SerializationManagerImpl initialized in 36 ms 
[   5470]   INFO - ij.components.ComponentManager - com.intellij.openapi.roots.impl.libraries.LibraryKindLoader initialized in 29 ms 
[   5486]   INFO - ij.components.ComponentManager - com.intellij.ide.actionMacro.ActionMacroManager initialized in 13 ms 
[   5540]   INFO - ij.components.ComponentManager - com.intellij.openapi.keymap.impl.ModifierKeyDoubleClickHandler initialized in 42 ms 
[   5572]   INFO - ij.components.ComponentManager - com.intellij.execution.ExecutorRegistryImpl initialized in 31 ms 
[   5643]   INFO - ij.components.ComponentManager - com.intellij.openapi.vcs.changes.actions.migrate.MigrateDiffApplicationComponent initialized in 68 ms 
[   5662]   INFO - ij.components.ComponentManager - jetbrains.mps.ide.blame.dialog.BlameDialogComponent initialized in 12 ms 
[   5742]   INFO - com.intellij.ide.ui.UISettings - Loaded: fontSize=12, fontScale=1.0; restored: fontSize=12, fontScale=1.0 
[   9107]   INFO - ij.components.ComponentManager - jetbrains.mps.nodeEditor.EditorSettings initialized in 3441 ms 
[   9108]   INFO - ij.components.ComponentManager - jetbrains.mps.ide.editor.IdeaCaretManager initialized in 3441 ms 
[   9117]   INFO - mps.library.LibraryInitializer - Adding libraries from BootstrapLibraryContributor 
[   9117]   INFO - mps.library.LibraryInitializer - Adding libraries from WorkbenchLibraryContributor 
[   9118]   INFO - mps.library.LibraryInitializer - Adding libraries from PluginLibraryContributor 
[   9140]   INFO - mps.library.LibraryInitializer - Loading 148 libraries 
[  17114]   INFO - mps.library.LibraryInitializer - Library update is finished 
[  20528]   INFO - mps.classloading.ModuleUpdater - Classloading refresh took 3,405 s 
[  20568]   INFO - ps.classloading.ModulesWatcher - 0 modules are marked as invalid roots for class loading out of 222 modules [totally in the repository]: 
[  20568]   INFO - ps.classloading.ModulesWatcher - Totally 0 modules are marked invalid for class loading: 
[  21448]   INFO - ij.components.ComponentManager - jetbrains.mps.repository.RepositoryInitializingComponent initialized in 12331 ms 
[  21472]   INFO - ij.components.ComponentManager - jetbrains.mps.ide.platform.watching.ReloadManagerComponent initialized in 11 ms 
[  21474]   INFO - ij.components.ComponentManager - jetbrains.mps.ide.platform.watching.FSChangesWatcher initialized in 13 ms 
[  21481]   INFO - mps.library.LibraryInitializer - Adding libraries from AdditionalLibrariesManager 
[  21694]   INFO - ij.components.ComponentManager - jetbrains.mps.library.AdditionalLibrariesManager initialized in 219 ms 
[  21694]   INFO - ij.components.ComponentManager - jetbrains.mps.watching.WatchedRootsUpdater initialized in 220 ms 
[  21710]   INFO - plication.impl.ApplicationImpl - 122 application components initialized in 20350ms 
[  21716]   INFO - ol.environment.EnvironmentBase - Initializing libraries 
[  21721]   INFO - mps.library.LibraryInitializer - Adding libraries from SetLibraryContributor 
[  21721]   INFO - mps.library.LibraryInitializer - Adding libraries from SetLibraryContributor 
[  21795]   INFO - mps.library.LibraryInitializer - Loading 229 libraries 
[  21796]   INFO - s.plugins.PluginLoaderRegistry - Running Update Task : loaders [toLoad: 1; toUnload:0]; contributors : [toLoad: 97; toUnload:0]; Thread[ApplicationImpl pooled thread 2,4,main] 
[  24447]   INFO - mps.library.LibraryInitializer - Library update is finished 
[  24814]   INFO - mps.classloading.ModuleUpdater - Classloading refresh took 0,358 s 
[  24839]   INFO - ps.classloading.ModulesWatcher - 0 modules are marked as invalid roots for class loading out of 245 modules [totally in the repository]: 
[  24839]   INFO - ps.classloading.ModulesWatcher - Totally 0 modules are marked invalid for class loading: 
[  25010]   INFO - ol.environment.IdeaEnvironment - Creating an empty project 
[  25012]   INFO - ol.environment.EnvironmentBase - Opening a new project 
[  26099]   INFO - s.plugins.PluginLoaderRegistry - Loading of 1 plugins took 1,277 s 
[  26244]   INFO - s.plugins.PluginLoaderRegistry - Loading of 97 plugins took 0,144 s 
[  26319]   INFO - s.plugins.PluginLoaderRegistry - Running Update Task : loaders [toLoad: 0; toUnload:0]; contributors : [toLoad: 22; toUnload:0]; Thread[ApplicationImpl pooled thread 2,4,main] 
[  29629]   INFO - s.plugins.PluginLoaderRegistry - Loading of 22 plugins took 0,240 s 
[  29630]   INFO - ol.environment.IdeaEnvironment - Load and open the project with path '/var/folders/jf/21j_jyvn5cl1vq22ycltddh00000gn/T/mpstemp4' 
[  29858]   INFO - ij.components.ComponentManager - com.intellij.openapi.components.impl.ServiceManagerImpl initialized in 16 ms 
[  29881]   INFO - ij.components.ComponentManager - com.intellij.openapi.vcs.impl.FileStatusManagerImpl initialized in 16 ms 
[  29924]   INFO - ij.components.ComponentManager - com.intellij.openapi.vfs.encoding.EncodingProjectManagerImpl initialized in 40 ms 
[  29939]   INFO - ij.components.ComponentManager - com.intellij.openapi.roots.impl.ProjectRootManagerComponent initialized in 11 ms 
[  29961]   INFO - ij.components.ComponentManager - com.intellij.psi.impl.PsiManagerImpl initialized in 22 ms 
[  30008]   INFO - ij.components.ComponentManager - jetbrains.mps.workbench.codeInsight.NullDaemonCodeAnalyzer initialized in 30 ms 
[  30050]   INFO - ij.components.ComponentManager - com.intellij.openapi.vcs.impl.ProjectLevelVcsManagerImpl initialized in 31 ms 
[  30119]   INFO - ij.components.ComponentManager - com.intellij.openapi.vcs.changes.ChangeListManagerImpl initialized in 64 ms 
[  30126]   INFO - ij.components.ComponentManager - com.intellij.openapi.vcs.impl.VcsFileStatusProvider initialized in 72 ms 
[  30139]   INFO - ij.components.ComponentManager - com.intellij.openapi.vcs.impl.LineStatusTrackerManager initialized in 86 ms 
[  30162]   INFO - ij.components.ComponentManager - com.intellij.openapi.vcs.changes.committed.CommittedChangesCache initialized in 12 ms 
[  30197]   INFO - ij.components.ComponentManager - com.intellij.profile.codeInspection.ProjectInspectionProfileManager initialized in 34 ms 
[  30207]   INFO - mps.library.LibraryInitializer - Adding libraries from ProjectLibraryManager 
[  30215]   INFO - ij.components.ComponentManager - jetbrains.mps.project.ProjectLibraryManager initialized in 14 ms 
[  30232]   INFO - s.project.StandaloneMPSProject - Updating mpstemp4 
[  30232]   INFO - ps.project.ProjectModuleLoader - Loading modules... 
[  30234]   INFO - ps.project.ProjectModuleLoader - Modules are loaded: 0 new; 0 removed 
[  30235]   INFO - s.project.StandaloneMPSProject - Updating mpstemp4 took 0,003 s 
[  30235]   INFO - ij.components.ComponentManager - jetbrains.mps.project.StandaloneMPSProject initialized in 34 ms 
[  30239]   INFO - ij.components.ComponentManager - jetbrains.mps.ide.compiler.CompilerSettingsComponent initialized in 38 ms 
[  30324]   INFO - ij.components.ComponentManager - jetbrains.mps.ide.messages.MessagesViewTool initialized in 57 ms 
[  30951]   INFO - brains.mps.project.ProjectBase - Project 'mpstemp4' is opened 
[  42169]   INFO - .diagnostic.PerformanceWatcher - Post-startup activities under progress took 41ms; general responsiveness: ok; EDT responsiveness: ok 
[  42198]   INFO - pl.projectlevelman.NewMappings - VCS Root: [] - [<Project>] 
[  42328]   INFO - mps.classloading.ModuleUpdater - Classloading refresh took 0,047 s 
[  42347]   INFO - ps.classloading.ModulesWatcher - 0 modules are marked as invalid roots for class loading out of 246 modules [totally in the repository]: 
[  42347]   INFO - ps.classloading.ModulesWatcher - Totally 0 modules are marked invalid for class loading: 
[  42386]   INFO - s.plugins.PluginLoaderRegistry - Running Update Task : loaders [toLoad: 1; toUnload:0]; contributors : [toLoad: 0; toUnload:0]; Thread[ApplicationImpl pooled thread 1,4,main] 
[  42990]   INFO - runtime.BaseTransformationTest - Initializing the test 
[  43039]   INFO - ol.environment.EnvironmentBase - Opening a new project 
[  43045]   INFO - runtime.BaseTransformationTest - Initializing the test 
[  43045]   INFO - ol.environment.EnvironmentBase - Opening a new project 
[  43047]   INFO - runtime.BaseTransformationTest - Initializing the test 
[  43047]   INFO - ol.environment.EnvironmentBase - Opening a new project 
]]></system-out>
  <system-err><![CDATA[[  24998]   WARN - nplugins.BaseApplicationPlugin - Group to insert was not found id: jetbrains.mps.ide.java.actions.SolutionActionsEx_ActionGroup. Trying to insert into jetbrains.mps.ide.actions.SolutionActions_ActionGroup 
[  24998]   WARN - nplugins.BaseApplicationPlugin - Group to insert was not found id: jetbrains.mps.ide.java.workbench.actions.ModelNewActions_ActionGroup. Trying to insert into jetbrains.mps.ide.actions.GeneratorNewActions_ActionGroup 
[  24998]   WARN - nplugins.BaseApplicationPlugin - Group to insert was not found id: jetbrains.mps.ide.java.workbench.actions.ModelNewActions_ActionGroup. Trying to insert into jetbrains.mps.ide.actions.LanguageNewActions_ActionGroup 
[  24998]   WARN - nplugins.BaseApplicationPlugin - Group to insert was not found id: jetbrains.mps.ide.java.workbench.actions.ModelNewActions_ActionGroup. Trying to insert into jetbrains.mps.ide.actions.SolutionNewActions_ActionGroup 
[  24998]   WARN - nplugins.BaseApplicationPlugin - Group to insert was not found id: jetbrains.mps.ide.java.actions.ModelActions_ActionGroup. Trying to insert into jetbrains.mps.ide.actions.ModelActions_ActionGroup 
[  24999]   WARN - nplugins.BaseApplicationPlugin - Group to insert was not found id: jetbrains.mps.ide.java.workbench.actions.AnalyzeJavaActions_ActionGroup. Trying to insert into jetbrains.mps.ide.actions.AnalyzeModule_ActionGroup 
[  24999]   WARN - nplugins.BaseApplicationPlugin - Group to insert was not found id: jetbrains.mps.ide.java.workbench.actions.AnalyzeJavaActions_ActionGroup. Trying to insert into jetbrains.mps.ide.actions.DevkitActions_ActionGroup 
[  43039]   WARN - ent.util.MapPathMacrosProvider - Undefined macro: mps.macro.DemoWB.home. Please define path variable in path variables section of settings 
]]></system-err>
</testsuite>
